Mobile/SellingApp/app/build/intermediates/manifest_merge_blame_file/debug/manifest-merger-blame-debug-report.txt
1<?xml version="1.0" encoding="utf-8"?>
2<manifest xmlns:android="http://schemas.android.com/apk/res/android"
3    package="thuypham.n16dccn159.ptithcm.sellingapp"
4    android:versionCode="1"
5    android:versionName="1.0" >
6
7    <uses-sdk
8        android:minSdkVersion="26"
8-->src\main\AndroidManifest.xml
9        android:targetSdkVersion="29" />
9-->src\main\AndroidManifest.xml
10
11    <uses-permission android:name="android.permission.INTERNET" />
11-->src\main\AndroidManifest.xml:5:5-67
11-->src\main\AndroidManifest.xml:5:22-64
12    <uses-permission android:name="android.permission.ACCESS_NETWORK_STATE" />
12-->src\main\AndroidManifest.xml:6:5-79
12-->src\main\AndroidManifest.xml:6:22-76
13    <uses-permission android:name="android.permission.READ_EXTERNAL_STORAGE" />
13-->src\main\AndroidManifest.xml:7:5-80
13-->src\main\AndroidManifest.xml:7:22-77
14    <uses-permission android:name="android.permission.CALL_PHONE" />
14-->src\main\AndroidManifest.xml:8:5-69
14-->src\main\AndroidManifest.xml:8:22-66
15
16    <!-- Permission will be merged into the manifest of the hosting app. -->
17    <!-- Is required to launch foreground extraction service for targetSdkVersion 28+. -->
18    <uses-permission android:name="android.permission.FOREGROUND_SERVICE" />
18-->[com.google.android.play:core:1.7.2] AndroidManifest.xml:8:3-74
18-->[com.google.android.play:core:1.7.2] AndroidManifest.xml:8:20-72
19
20    <application
20-->src\main\AndroidManifest.xml:10:5-48:19
21        android:allowBackup="true"
21-->src\main\AndroidManifest.xml:11:9-35
22        android:appComponentFactory="androidx.core.app.CoreComponentFactory"
22-->[androidx.core:core:1.3.0-beta01] AndroidManifest.xml:24:18-86
23        android:debuggable="true"
24        android:extractNativeLibs="false"
25        android:icon="@mipmap/ic_launcher"
25-->src\main\AndroidManifest.xml:12:9-43
26        android:label="@string/app_name"
26-->src\main\AndroidManifest.xml:13:9-41
27        android:roundIcon="@mipmap/ic_launcher_round"
27-->src\main\AndroidManifest.xml:14:9-54
28        android:supportsRtl="true"
28-->src\main\AndroidManifest.xml:15:9-35
29        android:testOnly="true"
30        android:theme="@style/AppTheme" >
30-->src\main\AndroidManifest.xml:16:9-40
31        <activity android:name="thuypham.n16dccn159.ptithcm.sellingapp.feature.order.OrderDetailActivity" />
31-->src\main\AndroidManifest.xml:17:9-80
31-->src\main\AndroidManifest.xml:17:19-68
32        <activity
32-->src\main\AndroidManifest.xml:18:9-20:55
33            android:name="thuypham.n16dccn159.ptithcm.sellingapp.feature.order.OrderActivity"
33-->src\main\AndroidManifest.xml:19:13-56
34            android:windowSoftInputMode="adjustPan" />
34-->src\main\AndroidManifest.xml:20:13-52
35        <activity
35-->src\main\AndroidManifest.xml:21:9-23:55
36            android:name="thuypham.n16dccn159.ptithcm.sellingapp.feature.cart.CartActivity"
36-->src\main\AndroidManifest.xml:22:13-54
37            android:windowSoftInputMode="adjustPan" />
37-->src\main\AndroidManifest.xml:23:13-52
38        <activity
38-->src\main\AndroidManifest.xml:24:9-26:55
39            android:name="thuypham.n16dccn159.ptithcm.sellingapp.feature.authentication.EditProfileActivity"
39-->src\main\AndroidManifest.xml:25:13-71
40            android:windowSoftInputMode="adjustPan" />
40-->src\main\AndroidManifest.xml:26:13-52
41        <activity
41-->src\main\AndroidManifest.xml:27:9-29:55
42            android:name="thuypham.n16dccn159.ptithcm.sellingapp.feature.authentication.LoginActivity"
42-->src\main\AndroidManifest.xml:28:13-65
43            android:windowSoftInputMode="adjustPan" />
43-->src\main\AndroidManifest.xml:29:13-52
44        <activity
44-->src\main\AndroidManifest.xml:30:9-32:55
45            android:name="thuypham.n16dccn159.ptithcm.sellingapp.feature.product.ProductsOfCategoryActivity"
45-->src\main\AndroidManifest.xml:31:13-71
46            android:windowSoftInputMode="adjustPan" />
46-->src\main\AndroidManifest.xml:32:13-52
47        <activity
47-->src\main\AndroidManifest.xml:33:9-35:55
48            android:name="thuypham.n16dccn159.ptithcm.sellingapp.feature.product.ProductDetailActivity"
48-->src\main\AndroidManifest.xml:34:13-66
49            android:windowSoftInputMode="adjustPan" />
49-->src\main\AndroidManifest.xml:35:13-52
50        <activity
50-->src\main\AndroidManifest.xml:36:9-46:20
51            android:name="thuypham.n16dccn159.ptithcm.sellingapp.feature.splash.SplashActivity"
51-->src\main\AndroidManifest.xml:37:13-58
52            android:launchMode="singleTop"
52-->src\main\AndroidManifest.xml:38:13-43
53            android:theme="@style/AppTheme.SplashScreen"
53-->src\main\AndroidManifest.xml:39:13-57
54            android:windowSoftInputMode="adjustPan" >
54-->src\main\AndroidManifest.xml:40:13-52
55            <intent-filter>
55-->src\main\AndroidManifest.xml:41:13-45:29
56                <action android:name="android.intent.action.MAIN" />
56-->src\main\AndroidManifest.xml:42:17-69
56-->src\main\AndroidManifest.xml:42:25-66
57
58                <category android:name="android.intent.category.LAUNCHER" />
58-->src\main\AndroidManifest.xml:44:17-77
58-->src\main\AndroidManifest.xml:44:27-74
59            </intent-filter>
60        </activity>
61        <activity android:name="thuypham.n16dccn159.ptithcm.sellingapp.feature.main.MainActivity" />
61-->src\main\AndroidManifest.xml:47:9-63
61-->src\main\AndroidManifest.xml:47:19-60
62        <activity
62-->[pub.devrel:easypermissions:3.0.0] AndroidManifest.xml:12:9-16:66
63            android:name="pub.devrel.easypermissions.AppSettingsDialogHolderActivity"
63-->[pub.devrel:easypermissions:3.0.0] AndroidManifest.xml:13:13-86
64            android:exported="false"
64-->[pub.devrel:easypermissions:3.0.0] AndroidManifest.xml:14:13-37
65            android:label=""
65-->[pub.devrel:easypermissions:3.0.0] AndroidManifest.xml:15:13-29
66            android:theme="@style/EasyPermissions.Transparent" />
66-->[pub.devrel:easypermissions:3.0.0] AndroidManifest.xml:16:13-63
67
68        <provider
68-->[io.coil-kt:coil:0.9.5] AndroidManifest.xml:10:9-13:40
69            android:name="coil.util.CoilContentProvider"
69-->[io.coil-kt:coil:0.9.5] AndroidManifest.xml:11:13-57
70            android:authorities="thuypham.n16dccn159.ptithcm.sellingapp.coil"
70-->[io.coil-kt:coil:0.9.5] AndroidManifest.xml:12:13-56
71            android:exported="false" />
71-->[io.coil-kt:coil:0.9.5] AndroidManifest.xml:13:13-37
72        <provider
72-->[androidx.lifecycle:lifecycle-process:2.2.0] AndroidManifest.xml:25:9-29:43
73            android:name="androidx.lifecycle.ProcessLifecycleOwnerInitializer"
73-->[androidx.lifecycle:lifecycle-process:2.2.0] AndroidManifest.xml:26:13-79
74            android:authorities="thuypham.n16dccn159.ptithcm.sellingapp.lifecycle-process"
74-->[androidx.lifecycle:lifecycle-process:2.2.0] AndroidManifest.xml:27:13-69
75            android:exported="false"
75-->[androidx.lifecycle:lifecycle-process:2.2.0] AndroidManifest.xml:28:13-37
76            android:multiprocess="true" />
76-->[androidx.lifecycle:lifecycle-process:2.2.0] AndroidManifest.xml:29:13-40
77
78        <service
78-->[androidx.room:room-runtime:2.2.5] AndroidManifest.xml:25:9-28:40
79            android:name="androidx.room.MultiInstanceInvalidationService"
79-->[androidx.room:room-runtime:2.2.5] AndroidManifest.xml:26:13-74
80            android:directBootAware="true"
80-->[androidx.room:room-runtime:2.2.5] AndroidManifest.xml:27:13-43
81            android:exported="false" /> <!-- The activities will be merged into the manifest of the hosting app. -->
81-->[androidx.room:room-runtime:2.2.5] AndroidManifest.xml:28:13-37
82        <activity
82-->[com.google.android.play:core:1.7.2] AndroidManifest.xml:12:5-271
83            android:name="com.google.android.play.core.missingsplits.PlayCoreMissingSplitsActivity"
83-->[com.google.android.play:core:1.7.2] AndroidManifest.xml:12:15-102
84            android:enabled="false"
84-->[com.google.android.play:core:1.7.2] AndroidManifest.xml:12:103-126
85            android:exported="false"
85-->[com.google.android.play:core:1.7.2] AndroidManifest.xml:12:127-151
86            android:launchMode="singleInstance"
86-->[com.google.android.play:core:1.7.2] AndroidManifest.xml:12:204-239
87            android:process=":playcore_missing_splits_activity"
87-->[com.google.android.play:core:1.7.2] AndroidManifest.xml:12:152-203
88            android:stateNotNeeded="true" />
88-->[com.google.android.play:core:1.7.2] AndroidManifest.xml:12:240-269
89        <activity
89-->[com.google.android.play:core:1.7.2] AndroidManifest.xml:13:5-226
90            android:name="com.google.android.play.core.common.PlayCoreDialogWrapperActivity"
90-->[com.google.android.play:core:1.7.2] AndroidManifest.xml:13:15-95
91            android:enabled="false"
91-->[com.google.android.play:core:1.7.2] AndroidManifest.xml:13:96-119
92            android:exported="false"
92-->[com.google.android.play:core:1.7.2] AndroidManifest.xml:13:120-144
93            android:stateNotNeeded="true"
93-->[com.google.android.play:core:1.7.2] AndroidManifest.xml:13:145-174
94            android:theme="@style/Theme.PlayCore.Transparent" /> <!-- The service will be merged into the manifest of the hosting app. -->
94-->[com.google.android.play:core:1.7.2] AndroidManifest.xml:13:175-224
95        <service
95-->[com.google.android.play:core:1.7.2] AndroidManifest.xml:16:5-145
96            android:name="com.google.android.play.core.assetpacks.AssetPackExtractionService"
96-->[com.google.android.play:core:1.7.2] AndroidManifest.xml:16:14-95
97            android:enabled="false"
97-->[com.google.android.play:core:1.7.2] AndroidManifest.xml:16:96-119
98            android:exported="true" />
98-->[com.google.android.play:core:1.7.2] AndroidManifest.xml:16:120-143
99    </application>
100
101</manifest>